-------------------------------------------------------------------------------
Test set: com.game.gamebase.registerTest
-------------------------------------------------------------------------------
Tests run: 5, Failures: 3, Errors: 0, Skipped: 0, Time elapsed: 0.385 sec <<< FAILURE!
com.game.gamebase.registerTest.testCheckpassword_User()  Time elapsed: 0.308 sec  <<< FAILURE!
org.opentest4j.AssertionFailedError: expected: <true> but was: <false>
	at org.junit.jupiter.api.AssertionUtils.fail(AssertionUtils.java:55)
	at org.junit.jupiter.api.AssertionUtils.failNotEqual(AssertionUtils.java:62)
	at org.junit.jupiter.api.AssertEquals.assertEquals(AssertEquals.java:182)
	at org.junit.jupiter.api.AssertEquals.assertEquals(AssertEquals.java:177)
	at org.junit.jupiter.api.Assertions.assertEquals(Assertions.java:1124)
	at com.game.gamebase.registerTest.testCheckpassword_User(registerTest.java:95)

com.game.gamebase.registerTest.testCheckmail_Seller()  Time elapsed: 0.014 sec  <<< FAILURE!
org.opentest4j.AssertionFailedError: expected: <true> but was: <false>
	at org.junit.jupiter.api.AssertionUtils.fail(AssertionUtils.java:55)
	at org.junit.jupiter.api.AssertionUtils.failNotEqual(AssertionUtils.java:62)
	at org.junit.jupiter.api.AssertEquals.assertEquals(AssertEquals.java:182)
	at org.junit.jupiter.api.AssertEquals.assertEquals(AssertEquals.java:177)
	at org.junit.jupiter.api.Assertions.assertEquals(Assertions.java:1124)
	at com.game.gamebase.registerTest.testCheckmail_Seller(registerTest.java:108)

com.game.gamebase.registerTest.testCheckmail_User()  Time elapsed: 0.021 sec  <<< FAILURE!
java.lang.NoSuchMethodError: 'boolean com.game.gamebase.register.checkmail_User(javax.swing.JTextField)'
	at com.game.gamebase.registerTest.testCheckmail_User(registerTest.java:75)

