<?xml version="1.0" encoding="UTF-8" ?>
<testsuite tests="5" failures="3" name="com.game.gamebase.registerTest" time="0.383" errors="0" skipped="0">
  <properties>
[...]
</properties>
  <testcase classname="com.game.gamebase.registerTest" name="com.game.gamebase.registerTest.testCheckpassword_User" time="0.308">
    <failure message="expected: &lt;true&gt; but was: &lt;false&gt;" type="org.opentest4j.AssertionFailedError">org.opentest4j.AssertionFailedError: expected: &lt;true&gt; but was: &lt;false&gt;
	at org.junit.jupiter.api.AssertionUtils.fail(AssertionUtils.java:55)
	at org.junit.jupiter.api.AssertionUtils.failNotEqual(AssertionUtils.java:62)
	at org.junit.jupiter.api.AssertEquals.assertEquals(AssertEquals.java:182)
	at org.junit.jupiter.api.AssertEquals.assertEquals(AssertEquals.java:177)
	at org.junit.jupiter.api.Assertions.assertEquals(Assertions.java:1124)
	at com.game.gamebase.registerTest.testCheckpassword_User(registerTest.java:95)
</failure>
    <system-out>checkpassword_User
</system-out>
  </testcase>
  <testcase classname="com.game.gamebase.registerTest" name="com.game.gamebase.registerTest.testCheckmail_Seller" time="0.014">
    <failure message="expected: &lt;true&gt; but was: &lt;false&gt;" type="org.opentest4j.AssertionFailedError">org.opentest4j.AssertionFailedError: expected: &lt;true&gt; but was: &lt;false&gt;
	at org.junit.jupiter.api.AssertionUtils.fail(AssertionUtils.java:55)
	at org.junit.jupiter.api.AssertionUtils.failNotEqual(AssertionUtils.java:62)
	at org.junit.jupiter.api.AssertEquals.assertEquals(AssertEquals.java:182)
	at org.junit.jupiter.api.AssertEquals.assertEquals(AssertEquals.java:177)
	at org.junit.jupiter.api.Assertions.assertEquals(Assertions.java:1124)
	at com.game.gamebase.registerTest.testCheckmail_Seller(registerTest.java:108)
</failure>
    <system-out>checkmail_Seller
</system-out>
  </testcase>
  <testcase classname="com.game.gamebase.registerTest" name="com.game.gamebase.registerTest.testCheckpassword_Seller" time="0.011"/>
  <testcase classname="com.game.gamebase.registerTest" name="com.game.gamebase.registerTest.testCheckmail_User" time="0.021">
    <failure message="&apos;boolean com.game.gamebase.register.checkmail_User(javax.swing.JTextField)&apos;" type="java.lang.NoSuchMethodError">java.lang.NoSuchMethodError: &apos;boolean com.game.gamebase.register.checkmail_User(javax.swing.JTextField)&apos;
	at com.game.gamebase.registerTest.testCheckmail_User(registerTest.java:75)
</failure>
  </testcase>
  <testcase classname="com.game.gamebase.registerTest" name="com.game.gamebase.registerTest.testMain" time="0.029"/>
</testsuite>